2020-09-24 16:01:25.086 [main] INFO  com.bryce.DrumApplicationTests - Starting DrumApplicationTests on win-2019110501 with PID 11032 (started by lenovo in E:\pro\mdy\drum)
2020-09-24 16:01:25.088 [main] INFO  com.bryce.DrumApplicationTests - The following profiles are active: prod
2020-09-24 16:01:26.485 [main] INFO  o.s.d.r.config.RepositoryConfigurationDelegate - Multiple Spring Data modules found, entering strict repository configuration mode!
2020-09-24 16:01:26.494 [main] INFO  o.s.d.r.config.RepositoryConfigurationDelegate - Bootstrapping Spring Data Redis repositories in DEFAULT mode.
2020-09-24 16:01:26.549 [main] INFO  o.s.d.r.config.RepositoryConfigurationDelegate - Finished Spring Data repository scanning in 26ms. Found 0 Redis repository interfaces.
2020-09-24 16:01:27.190 [main] INFO  o.s.c.s.PostProcessorRegistrationDelegate$BeanPostProcessorChecker - Bean 'redisConfig' of type [com.bryce.config.RedisConfig$$EnhancerBySpringCGLIB$$704bba43] is not eligible for getting processed by all BeanPostProcessors (for example: not eligible for auto-proxying)
2020-09-24 16:01:30.805 [main] INFO  o.s.scheduling.concurrent.ThreadPoolTaskExecutor - Initializing ExecutorService 'applicationTaskExecutor'
2020-09-24 16:01:31.306 [main] INFO  com.bryce.DrumApplicationTests - Started DrumApplicationTests in 7.118 seconds (JVM running for 9.518)
2020-09-24 16:01:34.033 [SpringContextShutdownHook] INFO  o.s.scheduling.concurrent.ThreadPoolTaskExecutor - Shutting down ExecutorService 'applicationTaskExecutor'
2020-09-24 16:02:37.291 [main] INFO  com.bryce.DrumApplicationTests - Starting DrumApplicationTests on win-2019110501 with PID 17424 (started by lenovo in E:\pro\mdy\drum)
2020-09-24 16:02:37.292 [main] INFO  com.bryce.DrumApplicationTests - The following profiles are active: prod
2020-09-24 16:02:38.343 [main] INFO  o.s.d.r.config.RepositoryConfigurationDelegate - Multiple Spring Data modules found, entering strict repository configuration mode!
2020-09-24 16:02:38.346 [main] INFO  o.s.d.r.config.RepositoryConfigurationDelegate - Bootstrapping Spring Data Redis repositories in DEFAULT mode.
2020-09-24 16:02:38.383 [main] INFO  o.s.d.r.config.RepositoryConfigurationDelegate - Finished Spring Data repository scanning in 22ms. Found 0 Redis repository interfaces.
2020-09-24 16:02:38.845 [main] INFO  o.s.c.s.PostProcessorRegistrationDelegate$BeanPostProcessorChecker - Bean 'redisConfig' of type [com.bryce.config.RedisConfig$$EnhancerBySpringCGLIB$$62ef81de] is not eligible for getting processed by all BeanPostProcessors (for example: not eligible for auto-proxying)
2020-09-24 16:02:41.647 [main] INFO  o.s.scheduling.concurrent.ThreadPoolTaskExecutor - Initializing ExecutorService 'applicationTaskExecutor'
2020-09-24 16:02:42.185 [main] INFO  com.bryce.DrumApplicationTests - Started DrumApplicationTests in 5.463 seconds (JVM running for 6.7)
2020-09-24 16:02:44.525 [SpringContextShutdownHook] INFO  o.s.scheduling.concurrent.ThreadPoolTaskExecutor - Shutting down ExecutorService 'applicationTaskExecutor'
2020-09-24 16:04:40.478 [main] INFO  com.bryce.DrumApplicationTests - Starting DrumApplicationTests on win-2019110501 with PID 12136 (started by lenovo in E:\pro\mdy\drum)
2020-09-24 16:04:40.480 [main] INFO  com.bryce.DrumApplicationTests - The following profiles are active: prod
2020-09-24 16:04:41.715 [main] INFO  o.s.d.r.config.RepositoryConfigurationDelegate - Multiple Spring Data modules found, entering strict repository configuration mode!
2020-09-24 16:04:41.718 [main] INFO  o.s.d.r.config.RepositoryConfigurationDelegate - Bootstrapping Spring Data Redis repositories in DEFAULT mode.
2020-09-24 16:04:41.756 [main] INFO  o.s.d.r.config.RepositoryConfigurationDelegate - Finished Spring Data repository scanning in 23ms. Found 0 Redis repository interfaces.
2020-09-24 16:04:42.245 [main] INFO  o.s.c.s.PostProcessorRegistrationDelegate$BeanPostProcessorChecker - Bean 'redisConfig' of type [com.bryce.config.RedisConfig$$EnhancerBySpringCGLIB$$704bba43] is not eligible for getting processed by all BeanPostProcessors (for example: not eligible for auto-proxying)
2020-09-24 16:04:44.893 [main] INFO  o.s.scheduling.concurrent.ThreadPoolTaskExecutor - Initializing ExecutorService 'applicationTaskExecutor'
2020-09-24 16:04:45.492 [main] INFO  com.bryce.DrumApplicationTests - Started DrumApplicationTests in 5.769 seconds (JVM running for 7.016)
2020-09-24 16:04:47.870 [SpringContextShutdownHook] INFO  o.s.scheduling.concurrent.ThreadPoolTaskExecutor - Shutting down ExecutorService 'applicationTaskExecutor'
2020-09-24 16:06:07.067 [main] INFO  com.bryce.DrumApplicationTests - Starting DrumApplicationTests on win-2019110501 with PID 17004 (started by lenovo in E:\pro\mdy\drum)
2020-09-24 16:06:07.069 [main] INFO  com.bryce.DrumApplicationTests - The following profiles are active: prod
2020-09-24 16:06:08.213 [main] INFO  o.s.d.r.config.RepositoryConfigurationDelegate - Multiple Spring Data modules found, entering strict repository configuration mode!
2020-09-24 16:06:08.219 [main] INFO  o.s.d.r.config.RepositoryConfigurationDelegate - Bootstrapping Spring Data Redis repositories in DEFAULT mode.
2020-09-24 16:06:08.309 [main] INFO  o.s.d.r.config.RepositoryConfigurationDelegate - Finished Spring Data repository scanning in 59ms. Found 0 Redis repository interfaces.
2020-09-24 16:06:08.807 [main] INFO  o.s.c.s.PostProcessorRegistrationDelegate$BeanPostProcessorChecker - Bean 'redisConfig' of type [com.bryce.config.RedisConfig$$EnhancerBySpringCGLIB$$62ef81de] is not eligible for getting processed by all BeanPostProcessors (for example: not eligible for auto-proxying)
2020-09-24 16:06:11.716 [main] INFO  o.s.scheduling.concurrent.ThreadPoolTaskExecutor - Initializing ExecutorService 'applicationTaskExecutor'
2020-09-24 16:06:12.262 [main] INFO  com.bryce.DrumApplicationTests - Started DrumApplicationTests in 6.039 seconds (JVM running for 7.385)
2020-09-24 16:06:14.656 [SpringContextShutdownHook] INFO  o.s.scheduling.concurrent.ThreadPoolTaskExecutor - Shutting down ExecutorService 'applicationTaskExecutor'
2020-09-24 16:06:49.387 [main] INFO  com.bryce.DrumApplicationTests - Starting DrumApplicationTests on win-2019110501 with PID 14124 (started by lenovo in E:\pro\mdy\drum)
2020-09-24 16:06:49.391 [main] INFO  com.bryce.DrumApplicationTests - The following profiles are active: dev
2020-09-24 16:06:50.550 [main] INFO  o.s.d.r.config.RepositoryConfigurationDelegate - Multiple Spring Data modules found, entering strict repository configuration mode!
2020-09-24 16:06:50.554 [main] INFO  o.s.d.r.config.RepositoryConfigurationDelegate - Bootstrapping Spring Data Redis repositories in DEFAULT mode.
2020-09-24 16:06:50.600 [main] INFO  o.s.d.r.config.RepositoryConfigurationDelegate - Finished Spring Data repository scanning in 26ms. Found 0 Redis repository interfaces.
2020-09-24 16:06:51.568 [main] INFO  o.s.c.s.PostProcessorRegistrationDelegate$BeanPostProcessorChecker - Bean 'redisConfig' of type [com.bryce.config.RedisConfig$$EnhancerBySpringCGLIB$$c815b4a8] is not eligible for getting processed by all BeanPostProcessors (for example: not eligible for auto-proxying)
2020-09-24 16:06:54.477 [main] INFO  o.s.scheduling.concurrent.ThreadPoolTaskExecutor - Initializing ExecutorService 'applicationTaskExecutor'
2020-09-24 16:06:55.051 [main] INFO  com.bryce.DrumApplicationTests - Started DrumApplicationTests in 6.399 seconds (JVM running for 7.836)
2020-09-24 16:06:57.411 [SpringContextShutdownHook] INFO  o.s.scheduling.concurrent.ThreadPoolTaskExecutor - Shutting down ExecutorService 'applicationTaskExecutor'
2020-09-24 16:08:30.780 [main] INFO  com.bryce.DrumApplicationTests - Starting DrumApplicationTests on win-2019110501 with PID 16836 (started by lenovo in E:\pro\mdy\drum)
2020-09-24 16:08:30.781 [main] INFO  com.bryce.DrumApplicationTests - The following profiles are active: prod
2020-09-24 16:08:31.777 [main] INFO  o.s.d.r.config.RepositoryConfigurationDelegate - Multiple Spring Data modules found, entering strict repository configuration mode!
2020-09-24 16:08:31.780 [main] INFO  o.s.d.r.config.RepositoryConfigurationDelegate - Bootstrapping Spring Data Redis repositories in DEFAULT mode.
2020-09-24 16:08:31.819 [main] INFO  o.s.d.r.config.RepositoryConfigurationDelegate - Finished Spring Data repository scanning in 22ms. Found 0 Redis repository interfaces.
2020-09-24 16:08:32.279 [main] INFO  o.s.c.s.PostProcessorRegistrationDelegate$BeanPostProcessorChecker - Bean 'redisConfig' of type [com.bryce.config.RedisConfig$$EnhancerBySpringCGLIB$$5f13bb0b] is not eligible for getting processed by all BeanPostProcessors (for example: not eligible for auto-proxying)
2020-09-24 16:08:35.060 [main] INFO  o.s.scheduling.concurrent.ThreadPoolTaskExecutor - Initializing ExecutorService 'applicationTaskExecutor'
2020-09-24 16:08:35.795 [main] INFO  com.bryce.DrumApplicationTests - Started DrumApplicationTests in 5.74 seconds (JVM running for 7.128)
2020-09-24 16:08:38.190 [SpringContextShutdownHook] INFO  o.s.scheduling.concurrent.ThreadPoolTaskExecutor - Shutting down ExecutorService 'applicationTaskExecutor'
2020-09-24 16:08:58.093 [main] INFO  com.bryce.DrumApplicationTests - Starting DrumApplicationTests on win-2019110501 with PID 5860 (started by lenovo in E:\pro\mdy\drum)
2020-09-24 16:08:58.094 [main] INFO  com.bryce.DrumApplicationTests - The following profiles are active: prod
2020-09-24 16:08:59.162 [main] INFO  o.s.d.r.config.RepositoryConfigurationDelegate - Multiple Spring Data modules found, entering strict repository configuration mode!
2020-09-24 16:08:59.165 [main] INFO  o.s.d.r.config.RepositoryConfigurationDelegate - Bootstrapping Spring Data Redis repositories in DEFAULT mode.
2020-09-24 16:08:59.203 [main] INFO  o.s.d.r.config.RepositoryConfigurationDelegate - Finished Spring Data repository scanning in 23ms. Found 0 Redis repository interfaces.
2020-09-24 16:08:59.667 [main] INFO  o.s.c.s.PostProcessorRegistrationDelegate$BeanPostProcessorChecker - Bean 'redisConfig' of type [com.bryce.config.RedisConfig$$EnhancerBySpringCGLIB$$b9e5495f] is not eligible for getting processed by all BeanPostProcessors (for example: not eligible for auto-proxying)
2020-09-24 16:09:02.368 [main] INFO  o.s.scheduling.concurrent.ThreadPoolTaskExecutor - Initializing ExecutorService 'applicationTaskExecutor'
2020-09-24 16:09:02.906 [main] INFO  com.bryce.DrumApplicationTests - Started DrumApplicationTests in 5.452 seconds (JVM running for 6.649)
2020-09-24 16:09:05.269 [SpringContextShutdownHook] INFO  o.s.scheduling.concurrent.ThreadPoolTaskExecutor - Shutting down ExecutorService 'applicationTaskExecutor'
2020-09-24 16:13:23.372 [main] INFO  com.bryce.DrumApplicationTests - Starting DrumApplicationTests on win-2019110501 with PID 2904 (started by lenovo in E:\pro\mdy\drum)
2020-09-24 16:13:23.373 [main] INFO  com.bryce.DrumApplicationTests - The following profiles are active: prod
2020-09-24 16:13:25.107 [main] INFO  o.s.d.r.config.RepositoryConfigurationDelegate - Multiple Spring Data modules found, entering strict repository configuration mode!
2020-09-24 16:13:25.112 [main] INFO  o.s.d.r.config.RepositoryConfigurationDelegate - Bootstrapping Spring Data Redis repositories in DEFAULT mode.
2020-09-24 16:13:25.200 [main] INFO  o.s.d.r.config.RepositoryConfigurationDelegate - Finished Spring Data repository scanning in 33ms. Found 0 Redis repository interfaces.
2020-09-24 16:13:25.963 [main] INFO  o.s.c.s.PostProcessorRegistrationDelegate$BeanPostProcessorChecker - Bean 'redisConfig' of type [com.bryce.config.RedisConfig$$EnhancerBySpringCGLIB$$f5d6b754] is not eligible for getting processed by all BeanPostProcessors (for example: not eligible for auto-proxying)
2020-09-24 16:13:29.180 [main] INFO  o.s.scheduling.concurrent.ThreadPoolTaskExecutor - Initializing ExecutorService 'applicationTaskExecutor'
2020-09-24 16:13:30.016 [main] INFO  com.bryce.DrumApplicationTests - Started DrumApplicationTests in 7.345 seconds (JVM running for 8.584)
2020-09-24 16:13:55.495 [SpringContextShutdownHook] INFO  o.s.scheduling.concurrent.ThreadPoolTaskExecutor - Shutting down ExecutorService 'applicationTaskExecutor'
2020-09-24 16:38:01.179 [main] INFO  com.bryce.DrumApplicationTests - Starting DrumApplicationTests on win-2019110501 with PID 13700 (started by lenovo in E:\pro\mdy\drum)
2020-09-24 16:38:01.180 [main] INFO  com.bryce.DrumApplicationTests - The following profiles are active: prod
2020-09-24 16:38:02.818 [main] INFO  o.s.d.r.config.RepositoryConfigurationDelegate - Multiple Spring Data modules found, entering strict repository configuration mode!
2020-09-24 16:38:02.824 [main] INFO  o.s.d.r.config.RepositoryConfigurationDelegate - Bootstrapping Spring Data Redis repositories in DEFAULT mode.
2020-09-24 16:38:02.886 [main] INFO  o.s.d.r.config.RepositoryConfigurationDelegate - Finished Spring Data repository scanning in 30ms. Found 0 Redis repository interfaces.
2020-09-24 16:38:03.628 [main] INFO  o.s.c.s.PostProcessorRegistrationDelegate$BeanPostProcessorChecker - Bean 'redisConfig' of type [com.bryce.config.RedisConfig$$EnhancerBySpringCGLIB$$dbe5eac8] is not eligible for getting processed by all BeanPostProcessors (for example: not eligible for auto-proxying)
2020-09-24 16:38:07.318 [main] INFO  o.s.scheduling.concurrent.ThreadPoolTaskExecutor - Initializing ExecutorService 'applicationTaskExecutor'
2020-09-24 16:38:07.909 [main] INFO  com.bryce.DrumApplicationTests - Started DrumApplicationTests in 7.41 seconds (JVM running for 8.752)
2020-09-24 16:38:08.478 [SpringContextShutdownHook] INFO  o.s.scheduling.concurrent.ThreadPoolTaskExecutor - Shutting down ExecutorService 'applicationTaskExecutor'
2020-09-24 16:39:25.498 [main] INFO  com.bryce.DrumApplicationTests - Starting DrumApplicationTests on win-2019110501 with PID 18336 (started by lenovo in E:\pro\mdy\drum)
2020-09-24 16:39:25.500 [main] INFO  com.bryce.DrumApplicationTests - The following profiles are active: prod
2020-09-24 16:39:26.619 [main] INFO  o.s.d.r.config.RepositoryConfigurationDelegate - Multiple Spring Data modules found, entering strict repository configuration mode!
2020-09-24 16:39:26.621 [main] INFO  o.s.d.r.config.RepositoryConfigurationDelegate - Bootstrapping Spring Data Redis repositories in DEFAULT mode.
2020-09-24 16:39:26.660 [main] INFO  o.s.d.r.config.RepositoryConfigurationDelegate - Finished Spring Data repository scanning in 24ms. Found 0 Redis repository interfaces.
2020-09-24 16:39:27.145 [main] INFO  o.s.c.s.PostProcessorRegistrationDelegate$BeanPostProcessorChecker - Bean 'redisConfig' of type [com.bryce.config.RedisConfig$$EnhancerBySpringCGLIB$$a5a422df] is not eligible for getting processed by all BeanPostProcessors (for example: not eligible for auto-proxying)
2020-09-24 16:39:29.941 [main] INFO  o.s.scheduling.concurrent.ThreadPoolTaskExecutor - Initializing ExecutorService 'applicationTaskExecutor'
2020-09-24 16:39:30.517 [main] INFO  com.bryce.DrumApplicationTests - Started DrumApplicationTests in 5.643 seconds (JVM running for 6.967)
2020-09-24 16:39:30.852 [SpringContextShutdownHook] INFO  o.s.scheduling.concurrent.ThreadPoolTaskExecutor - Shutting down ExecutorService 'applicationTaskExecutor'
2020-09-24 17:30:48.379 [main] INFO  com.bryce.DrumApplicationTests - Starting DrumApplicationTests on win-2019110501 with PID 15244 (started by lenovo in E:\pro\mdy\drum)
2020-09-24 17:30:48.381 [main] INFO  com.bryce.DrumApplicationTests - The following profiles are active: prod
2020-09-24 17:30:49.711 [main] INFO  o.s.d.r.config.RepositoryConfigurationDelegate - Multiple Spring Data modules found, entering strict repository configuration mode!
2020-09-24 17:30:49.716 [main] INFO  o.s.d.r.config.RepositoryConfigurationDelegate - Bootstrapping Spring Data Redis repositories in DEFAULT mode.
2020-09-24 17:30:49.765 [main] INFO  o.s.d.r.config.RepositoryConfigurationDelegate - Finished Spring Data repository scanning in 26ms. Found 0 Redis repository interfaces.
2020-09-24 17:30:50.432 [main] INFO  o.s.c.s.PostProcessorRegistrationDelegate$BeanPostProcessorChecker - Bean 'redisConfig' of type [com.bryce.config.RedisConfig$$EnhancerBySpringCGLIB$$72535115] is not eligible for getting processed by all BeanPostProcessors (for example: not eligible for auto-proxying)
2020-09-24 17:30:54.299 [main] INFO  o.s.scheduling.concurrent.ThreadPoolTaskExecutor - Initializing ExecutorService 'applicationTaskExecutor'
2020-09-24 17:30:54.842 [main] INFO  com.bryce.DrumApplicationTests - Started DrumApplicationTests in 7.427 seconds (JVM running for 9.204)
2020-09-24 17:30:55.299 [SpringContextShutdownHook] INFO  o.s.scheduling.concurrent.ThreadPoolTaskExecutor - Shutting down ExecutorService 'applicationTaskExecutor'
